<?xml version="1.0" encoding="UTF-8"?>
<testsuite name="ParserTest" tests="1" skipped="0" failures="0" errors="0" timestamp="2024-04-25T19:52:48" hostname="DESKTOP-TJH74JI" time="0.04">
  <properties/>
  <testcase name="testSortByArea()" classname="ParserTest" time="0.04"/>
  <system-out><![CDATA[]]></system-out>
  <system-err><![CDATA[]]></system-err>
</testsuite>
